Using pre-set license
Built from '2020.3/staging' branch; Version is '2020.3.19f1 (68f137dc9bbe) revision 6877495'; Using compiler version '192528614'; Build Type 'Release'
OS: 'Windows 10 Pro; OS build 19043.1237; Version 2009; 64bit' Language: 'en' Physical Memory: 65461 MB
BatchMode: 1, IsHumanControllingUs: 0, StartBugReporterOnCrash: 0, Is64bit: 1, IsPro: 0

COMMAND LINE ARGUMENTS:
C:\Program Files\Unity\Hub\Editor\2020.3.19f1\Editor\Unity.exe
-adb2
-batchMode
-noUpm
-name
AssetImportWorker0
-projectPath
C:/UnityProjects/ParkerSolarProbe/ParkerSolarProbe
-logFile
Logs/AssetImportWorker0.log
-srvPort
60199
Successfully changed project path to: C:/UnityProjects/ParkerSolarProbe/ParkerSolarProbe
C:/UnityProjects/ParkerSolarProbe/ParkerSolarProbe
Using Asset Import Pipeline V2.
Refreshing native plugins compatible for Editor in 35.02 ms, found 2 plugins.
Preloading 0 native plugins for Editor in 0.00 ms.
Initialize engine version: 2020.3.19f1 (68f137dc9bbe)
[Subsystems] Discovering subsystems at path C:/Program Files/Unity/Hub/Editor/2020.3.19f1/Editor/Data/Resources/UnitySubsystems
[Subsystems] Discovering subsystems at path C:/UnityProjects/ParkerSolarProbe/ParkerSolarProbe/Assets
GfxDevice: creating device client; threaded=0
Direct3D:
    Version:  Direct3D 11.0 [level 11.1]
    Renderer: AMD Radeon RX 6700 XT (ID=0x73df)
    Vendor:   
    VRAM:     12243 MB
    Driver:   27.20.22021.1002
Initialize mono
Mono path[0] = 'C:/Program Files/Unity/Hub/Editor/2020.3.19f1/Editor/Data/Managed'
Mono path[1] = 'C:/Program Files/Unity/Hub/Editor/2020.3.19f1/Editor/Data/MonoBleedingEdge/lib/mono/unityjit'
Mono config path = 'C:/Program Files/Unity/Hub/Editor/2020.3.19f1/Editor/Data/MonoBleedingEdge/etc'
Using monoOptions --debugger-agent=transport=dt_socket,embedding=1,server=y,suspend=n,address=127.0.0.1:56364
Begin MonoManager ReloadAssembly
Registering precompiled unity dll's ...
Register platform support module: C:/Program Files/Unity/Hub/Editor/2020.3.19f1/Editor/Data/PlaybackEngines/WindowsStandaloneSupport/UnityEditor.WindowsStandalone.Extensions.dll
Registered in 0.001704 seconds.
Native extension for WindowsStandalone target not found
Refreshing native plugins compatible for Editor in 33.30 ms, found 2 plugins.
Preloading 0 native plugins for Editor in 0.00 ms.
Mono: successfully reloaded assembly
- Completed reload, in  0.858 seconds
Domain Reload Profiling:
	ReloadAssembly (858ms)
		BeginReloadAssembly (40ms)
			ExecutionOrderSort (0ms)
			DisableScriptedObjects (0ms)
			BackupInstance (0ms)
			ReleaseScriptingObjects (0ms)
			CreateAndSetChildDomain (1ms)
		EndReloadAssembly (281ms)
			LoadAssemblies (38ms)
			RebuildTransferFunctionScriptingTraits (0ms)
			SetupTypeCache (89ms)
			ReleaseScriptCaches (0ms)
			RebuildScriptCaches (23ms)
			SetupLoadedEditorAssemblies (118ms)
				LogAssemblyErrors (0ms)
				InitializePlatformSupportModulesInManaged (3ms)
				SetLoadedEditorAssemblies (0ms)
				RefreshPlugins (33ms)
				BeforeProcessingInitializeOnLoad (11ms)
				ProcessInitializeOnLoadAttributes (52ms)
				ProcessInitializeOnLoadMethodAttributes (18ms)
				AfterProcessingInitializeOnLoad (0ms)
				EditorAssembliesLoaded (0ms)
			ExecutionOrderSort2 (0ms)
			AwakeInstancesAfterBackupRestoration (0ms)
Platform modules already initialized, skipping
Registering precompiled user dll's ...
Registered in 0.002412 seconds.
Begin MonoManager ReloadAssembly
Native extension for WindowsStandalone target not found
Refreshing native plugins compatible for Editor in 32.30 ms, found 2 plugins.
Preloading 0 native plugins for Editor in 0.00 ms.
Mono: successfully reloaded assembly
- Completed reload, in  0.751 seconds
Domain Reload Profiling:
	ReloadAssembly (752ms)
		BeginReloadAssembly (96ms)
			ExecutionOrderSort (0ms)
			DisableScriptedObjects (3ms)
			BackupInstance (0ms)
			ReleaseScriptingObjects (0ms)
			CreateAndSetChildDomain (17ms)
		EndReloadAssembly (615ms)
			LoadAssemblies (61ms)
			RebuildTransferFunctionScriptingTraits (0ms)
			SetupTypeCache (181ms)
			ReleaseScriptCaches (1ms)
			RebuildScriptCaches (38ms)
			SetupLoadedEditorAssemblies (258ms)
				LogAssemblyErrors (0ms)
				InitializePlatformSupportModulesInManaged (3ms)
				SetLoadedEditorAssemblies (0ms)
				RefreshPlugins (32ms)
				BeforeProcessingInitializeOnLoad (65ms)
				ProcessInitializeOnLoadAttributes (147ms)
				ProcessInitializeOnLoadMethodAttributes (4ms)
				AfterProcessingInitializeOnLoad (6ms)
				EditorAssembliesLoaded (0ms)
			ExecutionOrderSort2 (0ms)
			AwakeInstancesAfterBackupRestoration (5ms)
Platform modules already initialized, skipping
========================================================================
Worker process is ready to serve import requests
Launched and connected shader compiler UnityShaderCompiler.exe after 0.04 seconds
Refreshing native plugins compatible for Editor in 0.53 ms, found 2 plugins.
Preloading 0 native plugins for Editor in 0.00 ms.
Unloading 2705 Unused Serialized files (Serialized files now loaded: 0)
System memory in use before: 123.0 MB.
System memory in use after: 123.2 MB.

Unloading 17 unused Assets to reduce memory usage. Loaded Objects now: 3138.
Total: 3.209100 ms (FindLiveObjects: 0.272200 ms CreateObjectMapping: 0.112100 ms MarkObjects: 2.759500 ms  DeleteObjects: 0.064600 ms)

AssetImportParameters requested are different than current active one (requested -> active):
  custom:framework-win-MediaFoundation: 216162199b28c13a410421893ffa2e32 -> 
  custom:video-decoder-ogg-theora: a1e56fd34408186e4bbccfd4996cb3dc -> 
  custom:container-muxer-webm: aa71ff27fc2769a1b78a27578f13a17b -> 
  custom:container-demuxer-webm: 4f35f7cbe854078d1ac9338744f61a02 -> 
  custom:container-demuxer-ogg: 62fdf1f143b41e24485cea50d1cbac27 -> 
  custom:video-encoder-webm-vp8: eb34c28f22e8b96e1ab97ce403110664 -> 
  custom:video-decoder-webm-vp8: 9c59270c3fd7afecdb556c50c9e8de78 -> 
  custom:audio-decoder-ogg-vorbis: bf7c407c2cedff20999df2af8eb42d56 -> 
  custom:audio-encoder-webm-vorbis: bf7c407c2cedff20999df2af8eb42d56 -> 
========================================================================
Received Import Request.
  path: Assets/Readme.asset
  artifactKey: Guid(83c2ed844a8c74b779a4c823d16594b1) Importer(815301076,1909f56bfc062723c751e8b465ee728b)
Start importing Assets/Readme.asset using Guid(83c2ed844a8c74b779a4c823d16594b1) Importer(815301076,1909f56bfc062723c751e8b465ee728b)  -> (artifact id: '8ffd2c44ffeb50c574abb5d0c4453328') in 0.029260 seconds 
  Import took 0.032776 seconds .

========================================================================
Received Import Request.
  Time since last request: 36.172729 seconds.
  path: Assets
  artifactKey: Guid(00000000000000001000000000000000) Importer(815301076,1909f56bfc062723c751e8b465ee728b)
Start importing Assets using Guid(00000000000000001000000000000000) Importer(815301076,1909f56bfc062723c751e8b465ee728b)  -> (artifact id: '42d402b061de3733987d63b9cc3b64de') in 0.006665 seconds 
  Import took 0.010363 seconds .

========================================================================
Received Import Request.
  Time since last request: 4.086040 seconds.
  path: Assets/Textures
  artifactKey: Guid(b6a02a8d8dd11054fb936da9f974a438) Importer(815301076,1909f56bfc062723c751e8b465ee728b)
Start importing Assets/Textures using Guid(b6a02a8d8dd11054fb936da9f974a438) Importer(815301076,1909f56bfc062723c751e8b465ee728b)  -> (artifact id: '0dd1c7f9a78c75047cef3085a64c42e0') in 0.005750 seconds 
  Import took 0.009534 seconds .

========================================================================
Received Import Request.
  Time since last request: 6222.728136 seconds.
  path: Assets/Materials/Skybox_Mat.mat
  artifactKey: Guid(0ffaa0b7117ba8c47a9d05ae701d4b4d) Importer(815301076,1909f56bfc062723c751e8b465ee728b)
Start importing Assets/Materials/Skybox_Mat.mat using Guid(0ffaa0b7117ba8c47a9d05ae701d4b4d) Importer(815301076,1909f56bfc062723c751e8b465ee728b)  -> (artifact id: '4d54ab3375f41efad00566dcae11def2') in 0.156641 seconds 
  Import took 0.160702 seconds .

========================================================================
Received Import Request.
  Time since last request: 13845.555944 seconds.
  path: Assets/Models
  artifactKey: Guid(bf76afde74f8b5d4db3632a352a8260d) Importer(815301076,1909f56bfc062723c751e8b465ee728b)
Start importing Assets/Models using Guid(bf76afde74f8b5d4db3632a352a8260d) Importer(815301076,1909f56bfc062723c751e8b465ee728b)  -> (artifact id: '9b9d78d56a622089394d43df1a50a9fa') in 0.006036 seconds 
  Import took 0.010084 seconds .

========================================================================
Received Import Request.
  Time since last request: 9.942881 seconds.
  path: Assets/Models/uploads_files_3136010_ParkerSolarProbe.obj
  artifactKey: Guid(d7b1ec6d8ffa5ab41899d68083ec3966) Importer(815301076,1909f56bfc062723c751e8b465ee728b)
Start importing Assets/Models/uploads_files_3136010_ParkerSolarProbe.obj using Guid(d7b1ec6d8ffa5ab41899d68083ec3966) Importer(815301076,1909f56bfc062723c751e8b465ee728b)  -> (artifact id: '0539ba96201aa977c5fdebddc3cd2ac8') in 0.587661 seconds 
  Import took 0.591392 seconds .

========================================================================
Received Import Request.
  Time since last request: 11.066839 seconds.
  path: Assets/Scenes
  artifactKey: Guid(1b9715e515fc9c2478b52c6f6c40f68d) Importer(815301076,1909f56bfc062723c751e8b465ee728b)
Start importing Assets/Scenes using Guid(1b9715e515fc9c2478b52c6f6c40f68d) Importer(815301076,1909f56bfc062723c751e8b465ee728b)  -> (artifact id: 'bbb173c1c5a81003ff09bf39146db753') in 0.006058 seconds 
  Import took 0.010369 seconds .

========================================================================
Received Import Request.
  Time since last request: 14.454097 seconds.
  path: Assets/Scenes/ParkerSolarProbeScene.unity
  artifactKey: Guid(baa38f92cb702ed4ea6911a86c098bc3) Importer(815301076,1909f56bfc062723c751e8b465ee728b)
Start importing Assets/Scenes/ParkerSolarProbeScene.unity using Guid(baa38f92cb702ed4ea6911a86c098bc3) Importer(815301076,1909f56bfc062723c751e8b465ee728b)  -> (artifact id: '2b60e386003bc27ebcaef4b96b023d6b') in 0.005790 seconds 
  Import took 0.009334 seconds .

========================================================================
Received Import Request.
  Time since last request: 184.856391 seconds.
  path: Assets/Models/uploads_files_3136010_ParkerSolarProbe.fbx
  artifactKey: Guid(c83c29963dda59d4a86e3cab9f9c4e37) Importer(815301076,1909f56bfc062723c751e8b465ee728b)
Start importing Assets/Models/uploads_files_3136010_ParkerSolarProbe.fbx using Guid(c83c29963dda59d4a86e3cab9f9c4e37) Importer(815301076,1909f56bfc062723c751e8b465ee728b)  -> (artifact id: 'fee5b98cb21627fc2e50e3072dd3c5c5') in 0.303416 seconds 
  Import took 0.307268 seconds .

========================================================================
Received Import Request.
  Time since last request: 1.773588 seconds.
  path: Assets/Models/uploads_files_3136010_ParkerSolarProbe.mtl
  artifactKey: Guid(e69917345e2aa414288e52fcde920e53) Importer(815301076,1909f56bfc062723c751e8b465ee728b)
Start importing Assets/Models/uploads_files_3136010_ParkerSolarProbe.mtl using Guid(e69917345e2aa414288e52fcde920e53) Importer(815301076,1909f56bfc062723c751e8b465ee728b)  -> (artifact id: '5f1a3842293ff06fc4f177e6d328a7e0') in 0.005077 seconds 
  Import took 0.008594 seconds .

========================================================================
Received Import Request.
  Time since last request: 579.011904 seconds.
  path: Assets/Models/Sun.fbx
  artifactKey: Guid(a0dde94d9bf8aec40ad6eabceb251bfb) Importer(815301076,1909f56bfc062723c751e8b465ee728b)
Start importing Assets/Models/Sun.fbx using Guid(a0dde94d9bf8aec40ad6eabceb251bfb) Importer(815301076,1909f56bfc062723c751e8b465ee728b)  -> (artifact id: '515874be542cfbdf246681941555a6bb') in 0.134287 seconds 
  Import took 0.140096 seconds .

========================================================================
Received Import Request.
  Time since last request: 72.742585 seconds.
  path: Assets/Materials/Sun
  artifactKey: Guid(011d1898c61cb724ea9d20ca6a24ff1d) Importer(815301076,1909f56bfc062723c751e8b465ee728b)
Start importing Assets/Materials/Sun using Guid(011d1898c61cb724ea9d20ca6a24ff1d) Importer(815301076,1909f56bfc062723c751e8b465ee728b)  -> (artifact id: '7190f04a2d455b762c2d9d5604c1ecab') in 0.002417 seconds 
  Import took 0.005759 seconds .

========================================================================
Received Import Request.
  Time since last request: 0.032545 seconds.
  path: Assets/Materials/Sun/sun_rays.mat
  artifactKey: Guid(89f486a78b42ca14a983dd619c3261b0) Importer(815301076,1909f56bfc062723c751e8b465ee728b)
Start importing Assets/Materials/Sun/sun_rays.mat using Guid(89f486a78b42ca14a983dd619c3261b0) Importer(815301076,1909f56bfc062723c751e8b465ee728b)  -> (artifact id: '9d3eb108bd0b8a66c8eedd8a9594717c') in 0.186422 seconds 
  Import took 0.190615 seconds .

========================================================================
Received Import Request.
  Time since last request: 0.000201 seconds.
  path: Assets/Materials/Sun/sun_surface.mat
  artifactKey: Guid(9d10fa1c8159c7f408a545cc6f2acefa) Importer(815301076,1909f56bfc062723c751e8b465ee728b)
Start importing Assets/Materials/Sun/sun_surface.mat using Guid(9d10fa1c8159c7f408a545cc6f2acefa) Importer(815301076,1909f56bfc062723c751e8b465ee728b)  -> (artifact id: '321aeae2e4fc907e731fa3d1ed65cbdf') in 0.269195 seconds 
  Import took 0.273505 seconds .

========================================================================
Received Prepare
Registering precompiled user dll's ...
Registered in 0.002321 seconds.
Begin MonoManager ReloadAssembly
Native extension for WindowsStandalone target not found
Refreshing native plugins compatible for Editor in 0.56 ms, found 2 plugins.
Preloading 0 native plugins for Editor in 0.00 ms.
Mono: successfully reloaded assembly
- Completed reload, in  0.858 seconds
Domain Reload Profiling:
	ReloadAssembly (858ms)
		BeginReloadAssembly (110ms)
			ExecutionOrderSort (0ms)
			DisableScriptedObjects (5ms)
			BackupInstance (0ms)
			ReleaseScriptingObjects (0ms)
			CreateAndSetChildDomain (32ms)
		EndReloadAssembly (707ms)
			LoadAssemblies (60ms)
			RebuildTransferFunctionScriptingTraits (0ms)
			SetupTypeCache (188ms)
			ReleaseScriptCaches (1ms)
			RebuildScriptCaches (30ms)
			SetupLoadedEditorAssemblies (311ms)
				LogAssemblyErrors (0ms)
				InitializePlatformSupportModulesInManaged (3ms)
				SetLoadedEditorAssemblies (0ms)
				RefreshPlugins (1ms)
				BeforeProcessingInitializeOnLoad (70ms)
				ProcessInitializeOnLoadAttributes (229ms)
				ProcessInitializeOnLoadMethodAttributes (3ms)
				AfterProcessingInitializeOnLoad (5ms)
				EditorAssembliesLoaded (0ms)
			ExecutionOrderSort2 (0ms)
			AwakeInstancesAfterBackupRestoration (13ms)
Platform modules already initialized, skipping
Refreshing native plugins compatible for Editor in 0.56 ms, found 2 plugins.
Preloading 0 native plugins for Editor in 0.00 ms.
Unloading 2883 Unused Serialized files (Serialized files now loaded: 0)
System memory in use before: 131.2 MB.
System memory in use after: 131.5 MB.

Unloading 12 unused Assets to reduce memory usage. Loaded Objects now: 3512.
Total: 3.198900 ms (FindLiveObjects: 0.311200 ms CreateObjectMapping: 0.122800 ms MarkObjects: 2.747400 ms  DeleteObjects: 0.016700 ms)

AssetImportParameters requested are different than current active one (requested -> active):
  custom:framework-win-MediaFoundation: 216162199b28c13a410421893ffa2e32 -> 
  custom:video-decoder-ogg-theora: a1e56fd34408186e4bbccfd4996cb3dc -> 
  custom:container-muxer-webm: aa71ff27fc2769a1b78a27578f13a17b -> 
  custom:container-demuxer-webm: 4f35f7cbe854078d1ac9338744f61a02 -> 
  custom:container-demuxer-ogg: 62fdf1f143b41e24485cea50d1cbac27 -> 
  custom:video-encoder-webm-vp8: eb34c28f22e8b96e1ab97ce403110664 -> 
  custom:video-decoder-webm-vp8: 9c59270c3fd7afecdb556c50c9e8de78 -> 
  custom:audio-decoder-ogg-vorbis: bf7c407c2cedff20999df2af8eb42d56 -> 
  custom:audio-encoder-webm-vorbis: bf7c407c2cedff20999df2af8eb42d56 -> 
========================================================================
Received Prepare
Registering precompiled user dll's ...
Registered in 0.002473 seconds.
Begin MonoManager ReloadAssembly
Native extension for WindowsStandalone target not found
Refreshing native plugins compatible for Editor in 0.60 ms, found 2 plugins.
Preloading 0 native plugins for Editor in 0.00 ms.
Mono: successfully reloaded assembly
- Completed reload, in  0.763 seconds
Domain Reload Profiling:
	ReloadAssembly (763ms)
		BeginReloadAssembly (93ms)
			ExecutionOrderSort (0ms)
			DisableScriptedObjects (4ms)
			BackupInstance (0ms)
			ReleaseScriptingObjects (0ms)
			CreateAndSetChildDomain (31ms)
		EndReloadAssembly (629ms)
			LoadAssemblies (63ms)
			RebuildTransferFunctionScriptingTraits (0ms)
			SetupTypeCache (194ms)
			ReleaseScriptCaches (1ms)
			RebuildScriptCaches (34ms)
			SetupLoadedEditorAssemblies (244ms)
				LogAssemblyErrors (0ms)
				InitializePlatformSupportModulesInManaged (3ms)
				SetLoadedEditorAssemblies (0ms)
				RefreshPlugins (1ms)
				BeforeProcessingInitializeOnLoad (72ms)
				ProcessInitializeOnLoadAttributes (161ms)
				ProcessInitializeOnLoadMethodAttributes (3ms)
				AfterProcessingInitializeOnLoad (5ms)
				EditorAssembliesLoaded (0ms)
			ExecutionOrderSort2 (0ms)
			AwakeInstancesAfterBackupRestoration (11ms)
Platform modules already initialized, skipping
Refreshing native plugins compatible for Editor in 0.65 ms, found 2 plugins.
Preloading 0 native plugins for Editor in 0.00 ms.
Unloading 2940 Unused Serialized files (Serialized files now loaded: 0)
System memory in use before: 132.6 MB.
System memory in use after: 132.8 MB.

Unloading 14 unused Assets to reduce memory usage. Loaded Objects now: 3573.
Total: 3.246200 ms (FindLiveObjects: 0.303500 ms CreateObjectMapping: 0.123200 ms MarkObjects: 2.779000 ms  DeleteObjects: 0.039900 ms)

AssetImportParameters requested are different than current active one (requested -> active):
  custom:framework-win-MediaFoundation: 216162199b28c13a410421893ffa2e32 -> 
  custom:video-decoder-ogg-theora: a1e56fd34408186e4bbccfd4996cb3dc -> 
  custom:container-muxer-webm: aa71ff27fc2769a1b78a27578f13a17b -> 
  custom:container-demuxer-webm: 4f35f7cbe854078d1ac9338744f61a02 -> 
  custom:container-demuxer-ogg: 62fdf1f143b41e24485cea50d1cbac27 -> 
  custom:video-encoder-webm-vp8: eb34c28f22e8b96e1ab97ce403110664 -> 
  custom:video-decoder-webm-vp8: 9c59270c3fd7afecdb556c50c9e8de78 -> 
  custom:audio-decoder-ogg-vorbis: bf7c407c2cedff20999df2af8eb42d56 -> 
  custom:audio-encoder-webm-vorbis: bf7c407c2cedff20999df2af8eb42d56 -> 
AssetImportWorkerClient::OnTransportError - code=2 error=End of file
