Using pre-set license
Built from '2020.3/staging' branch; Version is '2020.3.19f1 (68f137dc9bbe) revision 6877495'; Using compiler version '192528614'; Build Type 'Release'
OS: 'Windows 10 Pro; OS build 19043.1237; Version 2009; 64bit' Language: 'en' Physical Memory: 65461 MB
BatchMode: 1, IsHumanControllingUs: 0, StartBugReporterOnCrash: 0, Is64bit: 1, IsPro: 0

COMMAND LINE ARGUMENTS:
C:\Program Files\Unity\Hub\Editor\2020.3.19f1\Editor\Unity.exe
-adb2
-batchMode
-noUpm
-name
AssetImportWorker0
-projectPath
C:/UnityProjects/ParkerSolarProbe/ParkerSolarProbe
-logFile
Logs/AssetImportWorker0.log
-srvPort
64255
Successfully changed project path to: C:/UnityProjects/ParkerSolarProbe/ParkerSolarProbe
C:/UnityProjects/ParkerSolarProbe/ParkerSolarProbe
Using Asset Import Pipeline V2.
Refreshing native plugins compatible for Editor in 35.87 ms, found 2 plugins.
Preloading 0 native plugins for Editor in 0.00 ms.
Initialize engine version: 2020.3.19f1 (68f137dc9bbe)
[Subsystems] Discovering subsystems at path C:/Program Files/Unity/Hub/Editor/2020.3.19f1/Editor/Data/Resources/UnitySubsystems
[Subsystems] Discovering subsystems at path C:/UnityProjects/ParkerSolarProbe/ParkerSolarProbe/Assets
GfxDevice: creating device client; threaded=0
Direct3D:
    Version:  Direct3D 11.0 [level 11.1]
    Renderer: AMD Radeon RX 6700 XT (ID=0x73df)
    Vendor:   
    VRAM:     12243 MB
    Driver:   27.20.22021.1002
Initialize mono
Mono path[0] = 'C:/Program Files/Unity/Hub/Editor/2020.3.19f1/Editor/Data/Managed'
Mono path[1] = 'C:/Program Files/Unity/Hub/Editor/2020.3.19f1/Editor/Data/MonoBleedingEdge/lib/mono/unityjit'
Mono config path = 'C:/Program Files/Unity/Hub/Editor/2020.3.19f1/Editor/Data/MonoBleedingEdge/etc'
Using monoOptions --debugger-agent=transport=dt_socket,embedding=1,server=y,suspend=n,address=127.0.0.1:56420
Begin MonoManager ReloadAssembly
Registering precompiled unity dll's ...
Register platform support module: C:/Program Files/Unity/Hub/Editor/2020.3.19f1/Editor/Data/PlaybackEngines/WindowsStandaloneSupport/UnityEditor.WindowsStandalone.Extensions.dll
Registered in 0.001424 seconds.
Native extension for WindowsStandalone target not found
Refreshing native plugins compatible for Editor in 36.72 ms, found 2 plugins.
Preloading 0 native plugins for Editor in 0.00 ms.
Mono: successfully reloaded assembly
- Completed reload, in  0.844 seconds
Domain Reload Profiling:
	ReloadAssembly (845ms)
		BeginReloadAssembly (39ms)
			ExecutionOrderSort (0ms)
			DisableScriptedObjects (0ms)
			BackupInstance (0ms)
			ReleaseScriptingObjects (0ms)
			CreateAndSetChildDomain (1ms)
		EndReloadAssembly (292ms)
			LoadAssemblies (37ms)
			RebuildTransferFunctionScriptingTraits (0ms)
			SetupTypeCache (91ms)
			ReleaseScriptCaches (0ms)
			RebuildScriptCaches (23ms)
			SetupLoadedEditorAssemblies (126ms)
				LogAssemblyErrors (0ms)
				InitializePlatformSupportModulesInManaged (3ms)
				SetLoadedEditorAssemblies (0ms)
				RefreshPlugins (37ms)
				BeforeProcessingInitializeOnLoad (12ms)
				ProcessInitializeOnLoadAttributes (55ms)
				ProcessInitializeOnLoadMethodAttributes (19ms)
				AfterProcessingInitializeOnLoad (0ms)
				EditorAssembliesLoaded (0ms)
			ExecutionOrderSort2 (0ms)
			AwakeInstancesAfterBackupRestoration (0ms)
Platform modules already initialized, skipping
Registering precompiled user dll's ...
Registered in 0.002969 seconds.
Begin MonoManager ReloadAssembly
Native extension for WindowsStandalone target not found
Refreshing native plugins compatible for Editor in 35.82 ms, found 2 plugins.
Preloading 0 native plugins for Editor in 0.00 ms.
Mono: successfully reloaded assembly
- Completed reload, in  0.789 seconds
Domain Reload Profiling:
	ReloadAssembly (790ms)
		BeginReloadAssembly (98ms)
			ExecutionOrderSort (0ms)
			DisableScriptedObjects (3ms)
			BackupInstance (0ms)
			ReleaseScriptingObjects (0ms)
			CreateAndSetChildDomain (16ms)
		EndReloadAssembly (651ms)
			LoadAssemblies (63ms)
			RebuildTransferFunctionScriptingTraits (0ms)
			SetupTypeCache (184ms)
			ReleaseScriptCaches (1ms)
			RebuildScriptCaches (41ms)
			SetupLoadedEditorAssemblies (277ms)
				LogAssemblyErrors (0ms)
				InitializePlatformSupportModulesInManaged (3ms)
				SetLoadedEditorAssemblies (0ms)
				RefreshPlugins (36ms)
				BeforeProcessingInitializeOnLoad (74ms)
				ProcessInitializeOnLoadAttributes (156ms)
				ProcessInitializeOnLoadMethodAttributes (3ms)
				AfterProcessingInitializeOnLoad (5ms)
				EditorAssembliesLoaded (0ms)
			ExecutionOrderSort2 (0ms)
			AwakeInstancesAfterBackupRestoration (5ms)
Platform modules already initialized, skipping
========================================================================
Worker process is ready to serve import requests
Launched and connected shader compiler UnityShaderCompiler.exe after 0.04 seconds
Refreshing native plugins compatible for Editor in 0.59 ms, found 2 plugins.
Preloading 0 native plugins for Editor in 0.00 ms.
Unloading 3052 Unused Serialized files (Serialized files now loaded: 0)
System memory in use before: 134.8 MB.
System memory in use after: 135.0 MB.

Unloading 19 unused Assets to reduce memory usage. Loaded Objects now: 3489.
Total: 2.764000 ms (FindLiveObjects: 0.268000 ms CreateObjectMapping: 0.078900 ms MarkObjects: 2.341800 ms  DeleteObjects: 0.074600 ms)

AssetImportParameters requested are different than current active one (requested -> active):
  custom:framework-win-MediaFoundation: 216162199b28c13a410421893ffa2e32 -> 
  custom:video-decoder-ogg-theora: a1e56fd34408186e4bbccfd4996cb3dc -> 
  custom:container-muxer-webm: aa71ff27fc2769a1b78a27578f13a17b -> 
  custom:container-demuxer-webm: 4f35f7cbe854078d1ac9338744f61a02 -> 
  custom:container-demuxer-ogg: 62fdf1f143b41e24485cea50d1cbac27 -> 
  custom:video-encoder-webm-vp8: eb34c28f22e8b96e1ab97ce403110664 -> 
  custom:video-decoder-webm-vp8: 9c59270c3fd7afecdb556c50c9e8de78 -> 
  custom:audio-decoder-ogg-vorbis: bf7c407c2cedff20999df2af8eb42d56 -> 
  custom:audio-encoder-webm-vorbis: bf7c407c2cedff20999df2af8eb42d56 -> 
========================================================================
Received Import Request.
  path: Assets/Materials/PSP/base metal.mat
  artifactKey: Guid(7337378df20d2224798a824c513eafa9) Importer(815301076,1909f56bfc062723c751e8b465ee728b)
Start importing Assets/Materials/PSP/base metal.mat using Guid(7337378df20d2224798a824c513eafa9) Importer(815301076,1909f56bfc062723c751e8b465ee728b)  -> (artifact id: 'c5c719488428f11efd7009fb69602d4a') in 0.172927 seconds 
  Import took 0.176924 seconds .

========================================================================
Received Import Request.
  Time since last request: 0.000159 seconds.
  path: Assets/Materials/PSP/black matte.mat
  artifactKey: Guid(0342d3d3252eff044ad9f9fea7c25841) Importer(815301076,1909f56bfc062723c751e8b465ee728b)
Start importing Assets/Materials/PSP/black matte.mat using Guid(0342d3d3252eff044ad9f9fea7c25841) Importer(815301076,1909f56bfc062723c751e8b465ee728b)  -> (artifact id: '26d51133eba211626caeaebeabbb984c') in 0.017914 seconds 
  Import took 0.021685 seconds .

========================================================================
Received Import Request.
  Time since last request: 0.000152 seconds.
  path: Assets/Materials/PSP/foil_antenna.mat
  artifactKey: Guid(236805a097154404c9c06b3359c87d04) Importer(815301076,1909f56bfc062723c751e8b465ee728b)
Start importing Assets/Materials/PSP/foil_antenna.mat using Guid(236805a097154404c9c06b3359c87d04) Importer(815301076,1909f56bfc062723c751e8b465ee728b)  -> (artifact id: '4c3a75edfb5d083c105b5256e705bb5b') in 0.011935 seconds 
  Import took 0.015975 seconds .

========================================================================
Received Import Request.
  Time since last request: 0.000139 seconds.
  path: Assets/Materials/PSP/PSP.mat
  artifactKey: Guid(91876eb30446420448ef01822745676d) Importer(815301076,1909f56bfc062723c751e8b465ee728b)
Start importing Assets/Materials/PSP/PSP.mat using Guid(91876eb30446420448ef01822745676d) Importer(815301076,1909f56bfc062723c751e8b465ee728b)  -> (artifact id: '8a2dc2cddef450e962fee18d7c1640b7') in 0.013756 seconds 
  Import took 0.017081 seconds .

========================================================================
Received Import Request.
  Time since last request: 0.000121 seconds.
  path: Assets/Materials/PSP/foil_silver.mat
  artifactKey: Guid(169168545c70ddf4ba0145d5f96f31a4) Importer(815301076,1909f56bfc062723c751e8b465ee728b)
Start importing Assets/Materials/PSP/foil_silver.mat using Guid(169168545c70ddf4ba0145d5f96f31a4) Importer(815301076,1909f56bfc062723c751e8b465ee728b)  -> (artifact id: '49392cea09da0aa30ac25addc9558dd1') in 0.009324 seconds 
  Import took 0.012425 seconds .

========================================================================
Received Import Request.
  Time since last request: 0.000115 seconds.
  path: Assets/Models/uploads_files_3136010_ParkerSolarProbe.fbx
  artifactKey: Guid(c83c29963dda59d4a86e3cab9f9c4e37) Importer(815301076,1909f56bfc062723c751e8b465ee728b)
Start importing Assets/Models/uploads_files_3136010_ParkerSolarProbe.fbx using Guid(c83c29963dda59d4a86e3cab9f9c4e37) Importer(815301076,1909f56bfc062723c751e8b465ee728b)  -> (artifact id: '10dca384e6705ae705138c5cb876b57a') in 0.127719 seconds 
  Import took 0.131029 seconds .

========================================================================
Received Import Request.
  Time since last request: 28.386761 seconds.
  path: Assets/Textures/PSP
  artifactKey: Guid(7f874628a5f55f343857d829ec1f9d66) Importer(815301076,1909f56bfc062723c751e8b465ee728b)
Start importing Assets/Textures/PSP using Guid(7f874628a5f55f343857d829ec1f9d66) Importer(815301076,1909f56bfc062723c751e8b465ee728b)  -> (artifact id: '929d1007b8721c218c80bfdb4cf23fca') in 0.001747 seconds 
  Import took 0.005225 seconds .

========================================================================
Received Import Request.
  Time since last request: 0.046601 seconds.
  path: Assets/Textures/PSP/foil_n.png
  artifactKey: Guid(e8f72852573524a48ae737802b2d998f) Importer(815301076,1909f56bfc062723c751e8b465ee728b)
Start importing Assets/Textures/PSP/foil_n.png using Guid(e8f72852573524a48ae737802b2d998f) Importer(815301076,1909f56bfc062723c751e8b465ee728b)  -> (artifact id: 'bc255f031067f28a3b5fddceaf999afb') in 0.021100 seconds 
  Import took 0.024362 seconds .

========================================================================
Received Import Request.
  Time since last request: 0.000145 seconds.
  path: Assets/Textures/PSP/PSP_Power.png
  artifactKey: Guid(66b01381c52f1264c90f17b3d66733c4) Importer(815301076,1909f56bfc062723c751e8b465ee728b)
Start importing Assets/Textures/PSP/PSP_Power.png using Guid(66b01381c52f1264c90f17b3d66733c4) Importer(815301076,1909f56bfc062723c751e8b465ee728b)  -> (artifact id: '530e5bda4582c78be2a21b5cfeb4dfb1') in 0.020645 seconds 
  Import took 0.024061 seconds .

========================================================================
Received Import Request.
  Time since last request: 0.000128 seconds.
  path: Assets/Textures/PSP/foil_silver_ramp.png
  artifactKey: Guid(9489ab18872fa8f44983210d2b21f145) Importer(815301076,1909f56bfc062723c751e8b465ee728b)
Start importing Assets/Textures/PSP/foil_silver_ramp.png using Guid(9489ab18872fa8f44983210d2b21f145) Importer(815301076,1909f56bfc062723c751e8b465ee728b)  -> (artifact id: '2b27e3661e41529652f816e1c6476e85') in 0.007047 seconds 
  Import took 0.009881 seconds .

========================================================================
Received Import Request.
  Time since last request: 0.000118 seconds.
  path: Assets/Textures/PSP/PSP_Norm.png
  artifactKey: Guid(8f1deb95f67c62d4fb6f32526997790d) Importer(815301076,1909f56bfc062723c751e8b465ee728b)
Start importing Assets/Textures/PSP/PSP_Norm.png using Guid(8f1deb95f67c62d4fb6f32526997790d) Importer(815301076,1909f56bfc062723c751e8b465ee728b)  -> (artifact id: '1a8d6004266b0b7c04eaef9af4633af0') in 0.010472 seconds 
  Import took 0.013560 seconds .

========================================================================
Received Import Request.
  Time since last request: 0.000130 seconds.
  path: Assets/Textures/PSP/PSP_Spec.png
  artifactKey: Guid(ffebaab650477264b942c6e4ac9d99f5) Importer(815301076,1909f56bfc062723c751e8b465ee728b)
Start importing Assets/Textures/PSP/PSP_Spec.png using Guid(ffebaab650477264b942c6e4ac9d99f5) Importer(815301076,1909f56bfc062723c751e8b465ee728b)  -> (artifact id: 'c50bf46152dd86ef9c9d8fa029eaaeb3') in 0.009633 seconds 
  Import took 0.012742 seconds .

========================================================================
Received Import Request.
  Time since last request: 0.000119 seconds.
  path: Assets/Textures/PSP/PSP_Diff.png
  artifactKey: Guid(4344d9b21a9cc8940bfcb2d25273a8f3) Importer(815301076,1909f56bfc062723c751e8b465ee728b)
Start importing Assets/Textures/PSP/PSP_Diff.png using Guid(4344d9b21a9cc8940bfcb2d25273a8f3) Importer(815301076,1909f56bfc062723c751e8b465ee728b)  -> (artifact id: '9c293e06a3b73543ebfc7df79d6d1c50') in 0.008202 seconds 
  Import took 0.011470 seconds .

========================================================================
Received Import Request.
  Time since last request: 0.000144 seconds.
  path: Assets/Textures/PSP/foil_n_2.png
  artifactKey: Guid(920cf22dc75dab74994730ad0d548fea) Importer(815301076,1909f56bfc062723c751e8b465ee728b)
Start importing Assets/Textures/PSP/foil_n_2.png using Guid(920cf22dc75dab74994730ad0d548fea) Importer(815301076,1909f56bfc062723c751e8b465ee728b)  -> (artifact id: 'c197fa23934b1b6e931a5f0b584fc2a2') in 0.010417 seconds 
  Import took 0.013699 seconds .

========================================================================
Received Import Request.
  Time since last request: 0.000126 seconds.
  path: Assets/Textures/PSP/psp_solar_normals.png
  artifactKey: Guid(5dc6394886f7dd444883939c7efeda1e) Importer(815301076,1909f56bfc062723c751e8b465ee728b)
Start importing Assets/Textures/PSP/psp_solar_normals.png using Guid(5dc6394886f7dd444883939c7efeda1e) Importer(815301076,1909f56bfc062723c751e8b465ee728b)  -> (artifact id: '915e6d33fa9d53980c85e6114b901725') in 0.009479 seconds 
  Import took 0.013023 seconds .

========================================================================
Received Import Request.
  Time since last request: 32.083019 seconds.
  path: Assets/ExampleAssets/Textures/Props/Construction_Light/ConstructionLight_Albedo.tif
  artifactKey: Guid(2ec6e1532acb1254f9f3797b5d82db44) Importer(815301076,1909f56bfc062723c751e8b465ee728b)
Start importing Assets/ExampleAssets/Textures/Props/Construction_Light/ConstructionLight_Albedo.tif using Guid(2ec6e1532acb1254f9f3797b5d82db44) Importer(815301076,1909f56bfc062723c751e8b465ee728b)  -> (artifact id: '864d2b361520e82158bacbe73f11f05a') in 0.017742 seconds 
  Import took 0.021731 seconds .

========================================================================
Received Import Request.
  Time since last request: 0.000159 seconds.
  path: Assets/ExampleAssets/Textures/Props/Construction_Light/ConstructionLight_MetallicOcculusionSmoothness.tif
  artifactKey: Guid(9a81f1a59f171804e84fce76584bdcb7) Importer(815301076,1909f56bfc062723c751e8b465ee728b)
Start importing Assets/ExampleAssets/Textures/Props/Construction_Light/ConstructionLight_MetallicOcculusionSmoothness.tif using Guid(9a81f1a59f171804e84fce76584bdcb7) Importer(815301076,1909f56bfc062723c751e8b465ee728b)  -> (artifact id: '7eaee825fee49737c47450774b31e7c8') in 0.014778 seconds 
  Import took 0.018420 seconds .

========================================================================
Received Import Request.
  Time since last request: 0.000126 seconds.
  path: Assets/ExampleAssets/Textures/Plastic/Elastic_MetallicOcculusionSmoothness.tif
  artifactKey: Guid(f5df2fb0c070b57429f8ca23b216093b) Importer(815301076,1909f56bfc062723c751e8b465ee728b)
Start importing Assets/ExampleAssets/Textures/Plastic/Elastic_MetallicOcculusionSmoothness.tif using Guid(f5df2fb0c070b57429f8ca23b216093b) Importer(815301076,1909f56bfc062723c751e8b465ee728b)  -> (artifact id: 'c3fe53ede3d2ad0e52eb12523c7f5d3d') in 0.011713 seconds 
  Import took 0.014591 seconds .

========================================================================
Received Import Request.
  Time since last request: 0.000126 seconds.
  path: Assets/ExampleAssets/Textures/Drywall/Drywall_AlbedoSmoothness.tif
  artifactKey: Guid(3e11968c372730442aae3b4f7c909931) Importer(815301076,1909f56bfc062723c751e8b465ee728b)
Start importing Assets/ExampleAssets/Textures/Drywall/Drywall_AlbedoSmoothness.tif using Guid(3e11968c372730442aae3b4f7c909931) Importer(815301076,1909f56bfc062723c751e8b465ee728b)  -> (artifact id: '5ed8573117dfc88bf695745e2de0a4c9') in 0.012975 seconds 
  Import took 0.015771 seconds .

========================================================================
Received Import Request.
  Time since last request: 0.000124 seconds.
  path: Assets/ExampleAssets/Textures/Drywall/Drywall_Normal.tif
  artifactKey: Guid(e231e4c02c48ee14aafa55f7b1a843c1) Importer(815301076,1909f56bfc062723c751e8b465ee728b)
Start importing Assets/ExampleAssets/Textures/Drywall/Drywall_Normal.tif using Guid(e231e4c02c48ee14aafa55f7b1a843c1) Importer(815301076,1909f56bfc062723c751e8b465ee728b)  -> (artifact id: '948a9c3de600e9b06db1da9a0cb6f09d') in 0.021546 seconds 
  Import took 0.024966 seconds .

========================================================================
Received Import Request.
  Time since last request: 0.000218 seconds.
  path: Assets/ExampleAssets/Textures/Plastic/Elastic_Normal.tif
  artifactKey: Guid(db17334dfe5991a4bbe241ee9a728c38) Importer(815301076,1909f56bfc062723c751e8b465ee728b)
Start importing Assets/ExampleAssets/Textures/Plastic/Elastic_Normal.tif using Guid(db17334dfe5991a4bbe241ee9a728c38) Importer(815301076,1909f56bfc062723c751e8b465ee728b)  -> (artifact id: '69cf2864fde43f79dc0d25d585cb8164') in 0.012677 seconds 
  Import took 0.016279 seconds .

========================================================================
Received Import Request.
  Time since last request: 0.000129 seconds.
  path: Assets/ExampleAssets/Textures/Drywall/Drywall_Albedo.tif
  artifactKey: Guid(eae496078d11426448124eaf8b285e6b) Importer(815301076,1909f56bfc062723c751e8b465ee728b)
Start importing Assets/ExampleAssets/Textures/Drywall/Drywall_Albedo.tif using Guid(eae496078d11426448124eaf8b285e6b) Importer(815301076,1909f56bfc062723c751e8b465ee728b)  -> (artifact id: '1762d013214bf69b5dd047b82b0c63b9') in 0.013075 seconds 
  Import took 0.016021 seconds .

========================================================================
Received Import Request.
  Time since last request: 0.000143 seconds.
  path: Assets/ExampleAssets/Textures/Drywall/DrywallPainted_Normal.tif
  artifactKey: Guid(2cd242c9999e92b4ca96dab876cfaf13) Importer(815301076,1909f56bfc062723c751e8b465ee728b)
Start importing Assets/ExampleAssets/Textures/Drywall/DrywallPainted_Normal.tif using Guid(2cd242c9999e92b4ca96dab876cfaf13) Importer(815301076,1909f56bfc062723c751e8b465ee728b)  -> (artifact id: 'f419129674622345ff944ef16b90372a') in 0.011737 seconds 
  Import took 0.014689 seconds .

========================================================================
Received Import Request.
  Time since last request: 2.345535 seconds.
  path: Assets/ExampleAssets/Textures/Concrete/Ground_Albedo.tif
  artifactKey: Guid(87ce03bd447ccce48bbff87ac0d8355f) Importer(815301076,1909f56bfc062723c751e8b465ee728b)
Start importing Assets/ExampleAssets/Textures/Concrete/Ground_Albedo.tif using Guid(87ce03bd447ccce48bbff87ac0d8355f) Importer(815301076,1909f56bfc062723c751e8b465ee728b)  -> (artifact id: '8a0dfe8d06391703a7363536e0aa0614') in 0.015308 seconds 
  Import took 0.019336 seconds .

========================================================================
Received Import Request.
  Time since last request: 0.028737 seconds.
  path: Assets/ExampleAssets/Textures/Concrete/Ground_MetallicOcculusionSmoothness.tif
  artifactKey: Guid(a8d38587573a5f34c91c4ae0fbd8bfef) Importer(815301076,1909f56bfc062723c751e8b465ee728b)
Start importing Assets/ExampleAssets/Textures/Concrete/Ground_MetallicOcculusionSmoothness.tif using Guid(a8d38587573a5f34c91c4ae0fbd8bfef) Importer(815301076,1909f56bfc062723c751e8b465ee728b)  -> (artifact id: 'aeb55671b8d96876caa842640f08faf3') in 0.013349 seconds 
  Import took 0.016983 seconds .

========================================================================
Received Import Request.
  Time since last request: 0.000163 seconds.
  path: Assets/ExampleAssets/Textures/Concrete/Ground_Normal.tif
  artifactKey: Guid(fab85e0cacda9644a99e5182a86b71f5) Importer(815301076,1909f56bfc062723c751e8b465ee728b)
Start importing Assets/ExampleAssets/Textures/Concrete/Ground_Normal.tif using Guid(fab85e0cacda9644a99e5182a86b71f5) Importer(815301076,1909f56bfc062723c751e8b465ee728b)  -> (artifact id: 'b03ee8e47df99957ed6ccb3030558fc2') in 0.013384 seconds 
  Import took 0.016614 seconds .

========================================================================
Received Import Request.
  Time since last request: 12.057940 seconds.
  path: Assets/ExampleAssets/Textures/Wood/Plywood_Albedo.tif
  artifactKey: Guid(9644eb6aca67672449e2bcbb0eab8e84) Importer(815301076,1909f56bfc062723c751e8b465ee728b)
Start importing Assets/ExampleAssets/Textures/Wood/Plywood_Albedo.tif using Guid(9644eb6aca67672449e2bcbb0eab8e84) Importer(815301076,1909f56bfc062723c751e8b465ee728b)  -> (artifact id: '4f57c3f7f84bfeff6b24ca6b1cf28cad') in 0.014822 seconds 
  Import took 0.018985 seconds .

========================================================================
Received Import Request.
  Time since last request: 0.000150 seconds.
  path: Assets/ExampleAssets/Textures/Wood/Plywood_MetallicOcculusionSmoothness.tif
  artifactKey: Guid(2e38f7921b7d7b1418ab63c08117ffb8) Importer(815301076,1909f56bfc062723c751e8b465ee728b)
Start importing Assets/ExampleAssets/Textures/Wood/Plywood_MetallicOcculusionSmoothness.tif using Guid(2e38f7921b7d7b1418ab63c08117ffb8) Importer(815301076,1909f56bfc062723c751e8b465ee728b)  -> (artifact id: 'edfc590a6b00b0149078dbfd987ea86d') in 0.011660 seconds 
  Import took 0.015201 seconds .

========================================================================
Received Import Request.
  Time since last request: 0.000126 seconds.
  path: Assets/ExampleAssets/Textures/Wood/Plywood_Normal.tif
  artifactKey: Guid(2148396b133b56f40baa7ea4fd22982a) Importer(815301076,1909f56bfc062723c751e8b465ee728b)
Start importing Assets/ExampleAssets/Textures/Wood/Plywood_Normal.tif using Guid(2148396b133b56f40baa7ea4fd22982a) Importer(815301076,1909f56bfc062723c751e8b465ee728b)  -> (artifact id: '8ad6edb0a38e2d06c71b55039ce2ad63') in 0.011882 seconds 
  Import took 0.014954 seconds .

========================================================================
Received Import Request.
  Time since last request: 0.000152 seconds.
  path: Assets/ExampleAssets/Textures/Props/HardHat/SafetyHat_Albedo.tif
  artifactKey: Guid(dd61af2ec9847eb4d8e17529fa61b143) Importer(815301076,1909f56bfc062723c751e8b465ee728b)
Start importing Assets/ExampleAssets/Textures/Props/HardHat/SafetyHat_Albedo.tif using Guid(dd61af2ec9847eb4d8e17529fa61b143) Importer(815301076,1909f56bfc062723c751e8b465ee728b)  -> (artifact id: '334eb5160f2e9d204dca1c4debab3244') in 0.012796 seconds 
  Import took 0.016024 seconds .

========================================================================
Received Import Request.
  Time since last request: 5.203467 seconds.
  path: Assets/ExampleAssets/Textures/Props/HardHat/SafetyHat_MetallicOcculusionSmoothness.tif
  artifactKey: Guid(6f61f8dd4499250438f1aa39448e860a) Importer(815301076,1909f56bfc062723c751e8b465ee728b)
Start importing Assets/ExampleAssets/Textures/Props/HardHat/SafetyHat_MetallicOcculusionSmoothness.tif using Guid(6f61f8dd4499250438f1aa39448e860a) Importer(815301076,1909f56bfc062723c751e8b465ee728b)  -> (artifact id: 'b5ddfb63e62d1213c62254721b6977ba') in 0.016414 seconds 
  Import took 0.020303 seconds .

========================================================================
Received Import Request.
  Time since last request: 0.000157 seconds.
  path: Assets/ExampleAssets/Textures/Props/HardHat/SafetyHat_Normal.tif
  artifactKey: Guid(d608c45da8580c9408ee50eb9a8c40f3) Importer(815301076,1909f56bfc062723c751e8b465ee728b)
Start importing Assets/ExampleAssets/Textures/Props/HardHat/SafetyHat_Normal.tif using Guid(d608c45da8580c9408ee50eb9a8c40f3) Importer(815301076,1909f56bfc062723c751e8b465ee728b)  -> (artifact id: '0155f9fc28286a2d28ba97c7187e91cc') in 0.011819 seconds 
  Import took 0.015078 seconds .

========================================================================
Received Import Request.
  Time since last request: 0.838002 seconds.
  path: Assets/Textures/Sun/sun_rays_map.jpg
  artifactKey: Guid(9255463f85f53024ebe40d3cb065fa05) Importer(815301076,1909f56bfc062723c751e8b465ee728b)
Start importing Assets/Textures/Sun/sun_rays_map.jpg using Guid(9255463f85f53024ebe40d3cb065fa05) Importer(815301076,1909f56bfc062723c751e8b465ee728b)  -> (artifact id: '394e9e3644eded39b4c771a638f99d67') in 0.028931 seconds 
  Import took 0.032784 seconds .

========================================================================
Received Import Request.
  Time since last request: 0.000150 seconds.
  path: Assets/Textures/Sun/sun_surface_color.jpg
  artifactKey: Guid(473847d4252d52d46862165ebbe5822a) Importer(815301076,1909f56bfc062723c751e8b465ee728b)
Start importing Assets/Textures/Sun/sun_surface_color.jpg using Guid(473847d4252d52d46862165ebbe5822a) Importer(815301076,1909f56bfc062723c751e8b465ee728b)  -> (artifact id: '96f112ebc1a57cd1fc472c0994ccb571') in 0.012538 seconds 
  Import took 0.016299 seconds .

========================================================================
Received Import Request.
  Time since last request: 0.791647 seconds.
  path: Assets/ExampleAssets/Textures/Plastic/PlasticRough_Albedo.tif
  artifactKey: Guid(7b82d12aad56cc445b99fd1cf06a232d) Importer(815301076,1909f56bfc062723c751e8b465ee728b)
Start importing Assets/ExampleAssets/Textures/Plastic/PlasticRough_Albedo.tif using Guid(7b82d12aad56cc445b99fd1cf06a232d) Importer(815301076,1909f56bfc062723c751e8b465ee728b)  -> (artifact id: '8c513c69086fa5dbff25e06e2fc587b6') in 0.014578 seconds 
  Import took 0.018500 seconds .

========================================================================
Received Import Request.
  Time since last request: 0.000145 seconds.
  path: Assets/ExampleAssets/Textures/Plastic/PlasticRough_MetallicOcculusionSmoothness.tif
  artifactKey: Guid(ee7680f1374ab4449b6d5f6b2c2c1936) Importer(815301076,1909f56bfc062723c751e8b465ee728b)
Start importing Assets/ExampleAssets/Textures/Plastic/PlasticRough_MetallicOcculusionSmoothness.tif using Guid(ee7680f1374ab4449b6d5f6b2c2c1936) Importer(815301076,1909f56bfc062723c751e8b465ee728b)  -> (artifact id: '232cd428ebfb2367aef618616cd2e543') in 0.011957 seconds 
  Import took 0.015373 seconds .

========================================================================
Received Import Request.
  Time since last request: 181.853480 seconds.
  path: Assets/ExampleAssets/Textures/Plastic/PlasticRidges_MetallicOcculusionSmoothness.tif
  artifactKey: Guid(201c1f77fe872924a86132486bc97e82) Importer(815301076,1909f56bfc062723c751e8b465ee728b)
Start importing Assets/ExampleAssets/Textures/Plastic/PlasticRidges_MetallicOcculusionSmoothness.tif using Guid(201c1f77fe872924a86132486bc97e82) Importer(815301076,1909f56bfc062723c751e8b465ee728b)  -> (artifact id: '3dd47a915baa5d60706576cc304c5363') in 0.014383 seconds 
  Import took 0.018476 seconds .

========================================================================
Received Import Request.
  Time since last request: 0.000138 seconds.
  path: Assets/ExampleAssets/Textures/Plastic/PlasticRidges_Normal.tif
  artifactKey: Guid(c021d051fa0cba84282b4a2577aa85c5) Importer(815301076,1909f56bfc062723c751e8b465ee728b)
Start importing Assets/ExampleAssets/Textures/Plastic/PlasticRidges_Normal.tif using Guid(c021d051fa0cba84282b4a2577aa85c5) Importer(815301076,1909f56bfc062723c751e8b465ee728b)  -> (artifact id: '5c2a0e6d6cdc3efb04e743ac3a4ef889') in 0.010843 seconds 
  Import took 0.014002 seconds .

========================================================================
Received Import Request.
  Time since last request: 0.203300 seconds.
  path: Assets/ExampleAssets/Textures/Plastic/Plastic_Normal.tif
  artifactKey: Guid(e109905c411b0f84e82eaaf2705ece30) Importer(815301076,1909f56bfc062723c751e8b465ee728b)
Start importing Assets/ExampleAssets/Textures/Plastic/Plastic_Normal.tif using Guid(e109905c411b0f84e82eaaf2705ece30) Importer(815301076,1909f56bfc062723c751e8b465ee728b)  -> (artifact id: '9ff5f95365018b301066b797947fc4a1') in 0.013648 seconds 
  Import took 0.017799 seconds .

========================================================================
Received Import Request.
  Time since last request: 0.000156 seconds.
  path: Assets/ExampleAssets/Textures/Props/Paint/PaintLabel.tif
  artifactKey: Guid(e5c37ab0c7b37af4f981195d3caaf4b4) Importer(815301076,1909f56bfc062723c751e8b465ee728b)
Start importing Assets/ExampleAssets/Textures/Props/Paint/PaintLabel.tif using Guid(e5c37ab0c7b37af4f981195d3caaf4b4) Importer(815301076,1909f56bfc062723c751e8b465ee728b)  -> (artifact id: '47cbb7f355dfa4d9746b65b5a3424f99') in 0.011236 seconds 
  Import took 0.014634 seconds .

========================================================================
Received Import Request.
  Time since last request: 0.000137 seconds.
  path: Assets/ExampleAssets/Textures/Plastic/Plastic_AlbedoSmoothness.tif
  artifactKey: Guid(1f89fed00b6bc904c861ab847a811cb8) Importer(815301076,1909f56bfc062723c751e8b465ee728b)
Start importing Assets/ExampleAssets/Textures/Plastic/Plastic_AlbedoSmoothness.tif using Guid(1f89fed00b6bc904c861ab847a811cb8) Importer(815301076,1909f56bfc062723c751e8b465ee728b)  -> (artifact id: '0a1e2ad70acd46251732a36607f34b62') in 0.011241 seconds 
  Import took 0.014133 seconds .

========================================================================
Received Import Request.
  Time since last request: 0.000146 seconds.
  path: Assets/ExampleAssets/Textures/Plastic/PlasticRidges_Albedo.tif
  artifactKey: Guid(ecb23393a0d1b424a82fff68a4c00a66) Importer(815301076,1909f56bfc062723c751e8b465ee728b)
Start importing Assets/ExampleAssets/Textures/Plastic/PlasticRidges_Albedo.tif using Guid(ecb23393a0d1b424a82fff68a4c00a66) Importer(815301076,1909f56bfc062723c751e8b465ee728b)  -> (artifact id: 'b43e6930eb1a08bb4420d322c7229155') in 0.011973 seconds 
  Import took 0.015501 seconds .

========================================================================
Received Import Request.
  Time since last request: 0.000127 seconds.
  path: Assets/ExampleAssets/Textures/Props/Paint/PaintAnimMask.tif
  artifactKey: Guid(5e98de278b2ccc14f89b76b85596a3f3) Importer(815301076,1909f56bfc062723c751e8b465ee728b)
Start importing Assets/ExampleAssets/Textures/Props/Paint/PaintAnimMask.tif using Guid(5e98de278b2ccc14f89b76b85596a3f3) Importer(815301076,1909f56bfc062723c751e8b465ee728b)  -> (artifact id: '352b0b02016621bff87d6ed4e1922830') in 0.011180 seconds 
  Import took 0.014285 seconds .

========================================================================
Received Import Request.
  Time since last request: 0.000141 seconds.
  path: Assets/ExampleAssets/Textures/Props/Paint/Paintbrush_MetallicOcculusionSmoothness.tif
  artifactKey: Guid(888916a5e87c05948b1a97b3c0d42556) Importer(815301076,1909f56bfc062723c751e8b465ee728b)
Start importing Assets/ExampleAssets/Textures/Props/Paint/Paintbrush_MetallicOcculusionSmoothness.tif using Guid(888916a5e87c05948b1a97b3c0d42556) Importer(815301076,1909f56bfc062723c751e8b465ee728b)  -> (artifact id: 'f07028616e69752981944285df8fa39e') in 0.012075 seconds 
  Import took 0.015066 seconds .

========================================================================
Received Import Request.
  Time since last request: 0.000141 seconds.
  path: Assets/ExampleAssets/Textures/Props/Paint/Paint5G_AlbedoSmoothness.tif
  artifactKey: Guid(5d25a5cd577a4c54e94fdf9cc6f1a631) Importer(815301076,1909f56bfc062723c751e8b465ee728b)
Start importing Assets/ExampleAssets/Textures/Props/Paint/Paint5G_AlbedoSmoothness.tif using Guid(5d25a5cd577a4c54e94fdf9cc6f1a631) Importer(815301076,1909f56bfc062723c751e8b465ee728b)  -> (artifact id: '46497461ad13ec5bb87076daebb413ec') in 0.013477 seconds 
  Import took 0.016873 seconds .

========================================================================
Received Import Request.
  Time since last request: 0.000122 seconds.
  path: Assets/ExampleAssets/Textures/Props/Paint/Paint1G_Normal.tif
  artifactKey: Guid(ac80c335ebd6dde4fa54a82050064545) Importer(815301076,1909f56bfc062723c751e8b465ee728b)
Start importing Assets/ExampleAssets/Textures/Props/Paint/Paint1G_Normal.tif using Guid(ac80c335ebd6dde4fa54a82050064545) Importer(815301076,1909f56bfc062723c751e8b465ee728b)  -> (artifact id: '4b737faff31f39940a9256cbbf8fecff') in 0.013834 seconds 
  Import took 0.017022 seconds .

========================================================================
Received Import Request.
  Time since last request: 0.000153 seconds.
  path: Assets/ExampleAssets/Textures/Props/Paint/Paint1G_Albedo.tif
  artifactKey: Guid(2de0d72a6700bd94ea57111b29e246fc) Importer(815301076,1909f56bfc062723c751e8b465ee728b)
Start importing Assets/ExampleAssets/Textures/Props/Paint/Paint1G_Albedo.tif using Guid(2de0d72a6700bd94ea57111b29e246fc) Importer(815301076,1909f56bfc062723c751e8b465ee728b)  -> (artifact id: 'ca17c87847de2b45ec72b8a088594d95') in 0.014949 seconds 
  Import took 0.018221 seconds .

========================================================================
Received Import Request.
  Time since last request: 0.000122 seconds.
  path: Assets/ExampleAssets/Textures/Props/Paint/Paintbrush_Normal.tif
  artifactKey: Guid(09e745bf0b8ff6a4bb5785d14168289a) Importer(815301076,1909f56bfc062723c751e8b465ee728b)
Start importing Assets/ExampleAssets/Textures/Props/Paint/Paintbrush_Normal.tif using Guid(09e745bf0b8ff6a4bb5785d14168289a) Importer(815301076,1909f56bfc062723c751e8b465ee728b)  -> (artifact id: '41eafcf91732874fd8161fe048a24a2c') in 0.012684 seconds 
  Import took 0.015863 seconds .

========================================================================
Received Import Request.
  Time since last request: 0.000127 seconds.
  path: Assets/ExampleAssets/Textures/Wood/OBS_MetallicOcculusionSmoothness.tif
  artifactKey: Guid(22638a9216f1ebf4cb43273a00879f51) Importer(815301076,1909f56bfc062723c751e8b465ee728b)
Start importing Assets/ExampleAssets/Textures/Wood/OBS_MetallicOcculusionSmoothness.tif using Guid(22638a9216f1ebf4cb43273a00879f51) Importer(815301076,1909f56bfc062723c751e8b465ee728b)  -> (artifact id: '6f5e22549fe5c432bfb08d408e4a8608') in 0.011347 seconds 
  Import took 0.014242 seconds .

========================================================================
Received Import Request.
  Time since last request: 0.000117 seconds.
  path: Assets/ExampleAssets/Textures/Wood/OBS_Normal.tif
  artifactKey: Guid(fcce267dfc966b6408dc2ebe0cfb60ed) Importer(815301076,1909f56bfc062723c751e8b465ee728b)
Start importing Assets/ExampleAssets/Textures/Wood/OBS_Normal.tif using Guid(fcce267dfc966b6408dc2ebe0cfb60ed) Importer(815301076,1909f56bfc062723c751e8b465ee728b)  -> (artifact id: '2652586975030c87d32000391e26784a') in 0.011697 seconds 
  Import took 0.015279 seconds .

========================================================================
Received Import Request.
  Time since last request: 0.000135 seconds.
  path: Assets/ExampleAssets/Textures/Wood/OBS_Albedo.tif
  artifactKey: Guid(7140a9bc83a12ea49a081dda89216fff) Importer(815301076,1909f56bfc062723c751e8b465ee728b)
Start importing Assets/ExampleAssets/Textures/Wood/OBS_Albedo.tif using Guid(7140a9bc83a12ea49a081dda89216fff) Importer(815301076,1909f56bfc062723c751e8b465ee728b)  -> (artifact id: 'e28dd3ef6200fe139f28e59b57610b67') in 0.012699 seconds 
  Import took 0.016181 seconds .

========================================================================
Received Import Request.
  Time since last request: 0.000145 seconds.
  path: Assets/ExampleAssets/Textures/Metal/Metal_Normal.tif
  artifactKey: Guid(3b0b7c1f4ac9f6b499e27cf84e722ff4) Importer(815301076,1909f56bfc062723c751e8b465ee728b)
Start importing Assets/ExampleAssets/Textures/Metal/Metal_Normal.tif using Guid(3b0b7c1f4ac9f6b499e27cf84e722ff4) Importer(815301076,1909f56bfc062723c751e8b465ee728b)  -> (artifact id: '0c4e6c99857cfa609e4eb4bf546c6cd8') in 0.010261 seconds 
  Import took 0.014164 seconds .

========================================================================
Received Import Request.
  Time since last request: 0.000128 seconds.
  path: Assets/ExampleAssets/Textures/Metal/Metal_MetallicSmoothness.tif
  artifactKey: Guid(40da0395b61db4448b98bab66d6b549c) Importer(815301076,1909f56bfc062723c751e8b465ee728b)
Start importing Assets/ExampleAssets/Textures/Metal/Metal_MetallicSmoothness.tif using Guid(40da0395b61db4448b98bab66d6b549c) Importer(815301076,1909f56bfc062723c751e8b465ee728b)  -> (artifact id: '4e81fa26bdee9feb69fc98217429bb48') in 0.010267 seconds 
  Import took 0.013664 seconds .

========================================================================
Received Import Request.
  Time since last request: 0.000159 seconds.
  path: Assets/ExampleAssets/Textures/Metal/Metal_Albedo.tif
  artifactKey: Guid(77583f99dea53b641804bb357092ec83) Importer(815301076,1909f56bfc062723c751e8b465ee728b)
Start importing Assets/ExampleAssets/Textures/Metal/Metal_Albedo.tif using Guid(77583f99dea53b641804bb357092ec83) Importer(815301076,1909f56bfc062723c751e8b465ee728b)  -> (artifact id: '9255e0559d7d951abdf11e8eafd47d15') in 0.010535 seconds 
  Import took 0.013565 seconds .

========================================================================
Received Import Request.
  Time since last request: 0.000101 seconds.
  path: Assets/ExampleAssets/Textures/Props/Paint/Paintbrush_Albedo.tif
  artifactKey: Guid(4675081b0baf66345adc734388155502) Importer(815301076,1909f56bfc062723c751e8b465ee728b)
Start importing Assets/ExampleAssets/Textures/Props/Paint/Paintbrush_Albedo.tif using Guid(4675081b0baf66345adc734388155502) Importer(815301076,1909f56bfc062723c751e8b465ee728b)  -> (artifact id: '71d2564902384411f4f878858f0c8efd') in 0.013704 seconds 
  Import took 0.017260 seconds .

========================================================================
Received Import Request.
  Time since last request: 0.000146 seconds.
  path: Assets/ExampleAssets/Textures/Props/Paint/Paint1G_MetallicOcculusionRoughness.tif
  artifactKey: Guid(ca084ebab0cef7c4ba746cdb442f9c1e) Importer(815301076,1909f56bfc062723c751e8b465ee728b)
Start importing Assets/ExampleAssets/Textures/Props/Paint/Paint1G_MetallicOcculusionRoughness.tif using Guid(ca084ebab0cef7c4ba746cdb442f9c1e) Importer(815301076,1909f56bfc062723c751e8b465ee728b)  -> (artifact id: '5a3d4057da4e7e997ea4ccf8fd4cd6d4') in 0.017691 seconds 
  Import took 0.021366 seconds .

========================================================================
Received Import Request.
  Time since last request: 0.000169 seconds.
  path: Assets/ExampleAssets/Textures/Props/Jigsaw/Jigsaw_MetallicOcculusionSmoothness.tif
  artifactKey: Guid(3017ed6fed9d3bb49ba99bf738e2d626) Importer(815301076,1909f56bfc062723c751e8b465ee728b)
Start importing Assets/ExampleAssets/Textures/Props/Jigsaw/Jigsaw_MetallicOcculusionSmoothness.tif using Guid(3017ed6fed9d3bb49ba99bf738e2d626) Importer(815301076,1909f56bfc062723c751e8b465ee728b)  -> (artifact id: 'c897cacf8311cf0ac86477642db90c30') in 0.012594 seconds 
  Import took 0.016089 seconds .

========================================================================
Received Import Request.
  Time since last request: 0.000119 seconds.
  path: Assets/ExampleAssets/Textures/Props/Jigsaw/Jigsaw_Normal.tif
  artifactKey: Guid(06969fc081d8cc146af6634f75abe652) Importer(815301076,1909f56bfc062723c751e8b465ee728b)
Start importing Assets/ExampleAssets/Textures/Props/Jigsaw/Jigsaw_Normal.tif using Guid(06969fc081d8cc146af6634f75abe652) Importer(815301076,1909f56bfc062723c751e8b465ee728b)  -> (artifact id: '77cce1b1da3ceaef17d90a5513f3032f') in 0.012531 seconds 
  Import took 0.015681 seconds .

========================================================================
Received Import Request.
  Time since last request: 0.000122 seconds.
  path: Assets/ExampleAssets/Textures/Props/Jigsaw/Jigsaw_Albedo.tif
  artifactKey: Guid(b3f247b26e080ca468f1daa963c192ee) Importer(815301076,1909f56bfc062723c751e8b465ee728b)
Start importing Assets/ExampleAssets/Textures/Props/Jigsaw/Jigsaw_Albedo.tif using Guid(b3f247b26e080ca468f1daa963c192ee) Importer(815301076,1909f56bfc062723c751e8b465ee728b)  -> (artifact id: 'f2c5f1483531c7b8e8a454ae6dbe5d88') in 0.012386 seconds 
  Import took 0.015299 seconds .

========================================================================
Received Import Request.
  Time since last request: 0.000157 seconds.
  path: Assets/TutorialInfo/Icons/Help_Icon.png
  artifactKey: Guid(34f556d724b1bbf4097ca6220db2c581) Importer(815301076,1909f56bfc062723c751e8b465ee728b)
Start importing Assets/TutorialInfo/Icons/Help_Icon.png using Guid(34f556d724b1bbf4097ca6220db2c581) Importer(815301076,1909f56bfc062723c751e8b465ee728b)  -> (artifact id: 'd44cd57fc4feab842adb57b231d71887') in 0.010960 seconds 
  Import took 0.014736 seconds .

========================================================================
Received Import Request.
  Time since last request: 0.000128 seconds.
  path: Assets/ExampleAssets/Textures/Props/Hammer/Hammer_MetallicOcculusionSmoothness.tif
  artifactKey: Guid(6c509e4ae024b5e4faeefb92dab5c812) Importer(815301076,1909f56bfc062723c751e8b465ee728b)
Start importing Assets/ExampleAssets/Textures/Props/Hammer/Hammer_MetallicOcculusionSmoothness.tif using Guid(6c509e4ae024b5e4faeefb92dab5c812) Importer(815301076,1909f56bfc062723c751e8b465ee728b)  -> (artifact id: '195a1284a9b901d228e8f6891dc4588c') in 0.011635 seconds 
  Import took 0.015062 seconds .

========================================================================
Received Import Request.
  Time since last request: 0.000129 seconds.
  path: Assets/ExampleAssets/Textures/Props/Hammer/Hammer_Albedo.tif
  artifactKey: Guid(59c8de363dc14c54986d0751c2c38342) Importer(815301076,1909f56bfc062723c751e8b465ee728b)
Start importing Assets/ExampleAssets/Textures/Props/Hammer/Hammer_Albedo.tif using Guid(59c8de363dc14c54986d0751c2c38342) Importer(815301076,1909f56bfc062723c751e8b465ee728b)  -> (artifact id: '715101e8fc0fafacea1213a8a4796276') in 0.012251 seconds 
  Import took 0.015383 seconds .

========================================================================
Received Import Request.
  Time since last request: 0.000135 seconds.
  path: Assets/ExampleAssets/Textures/Props/Hammer/Hammer_Normal.tif
  artifactKey: Guid(c517a9b1527aec343806327b47ad22df) Importer(815301076,1909f56bfc062723c751e8b465ee728b)
Start importing Assets/ExampleAssets/Textures/Props/Hammer/Hammer_Normal.tif using Guid(c517a9b1527aec343806327b47ad22df) Importer(815301076,1909f56bfc062723c751e8b465ee728b)  -> (artifact id: 'd78401adca7c490c5eb59770881e8a2f') in 0.012586 seconds 
  Import took 0.015662 seconds .

========================================================================
Received Import Request.
  Time since last request: 167.347009 seconds.
  path: Assets/ExampleAssets/Models/safetygoggles_low.fbx
  artifactKey: Guid(6296e48663fd7ad46b1a2af507f871cf) Importer(815301076,1909f56bfc062723c751e8b465ee728b)
Start importing Assets/ExampleAssets/Models/safetygoggles_low.fbx using Guid(6296e48663fd7ad46b1a2af507f871cf) Importer(815301076,1909f56bfc062723c751e8b465ee728b)  -> (artifact id: '4ae8946a3f99a923f7803907a8c27ead') in 0.197833 seconds 
  Import took 0.202861 seconds .

========================================================================
Received Import Request.
  Time since last request: 0.000189 seconds.
  path: Assets/ExampleAssets/Materials/Ground_Mat.mat
  artifactKey: Guid(d92ef32394b5f474385d74b565a7bdd7) Importer(815301076,1909f56bfc062723c751e8b465ee728b)
Start importing Assets/ExampleAssets/Materials/Ground_Mat.mat using Guid(d92ef32394b5f474385d74b565a7bdd7) Importer(815301076,1909f56bfc062723c751e8b465ee728b)  -> (artifact id: '464ecfb875d680da63be4f88529f4394') in 0.180497 seconds 
  Import took 0.184641 seconds .

========================================================================
Received Import Request.
  Time since last request: 0.000155 seconds.
  path: Assets/ExampleAssets/Materials/Hammer_Mat.mat
  artifactKey: Guid(4efcffd7ae23f1e41943fd914b18da10) Importer(815301076,1909f56bfc062723c751e8b465ee728b)
Start importing Assets/ExampleAssets/Materials/Hammer_Mat.mat using Guid(4efcffd7ae23f1e41943fd914b18da10) Importer(815301076,1909f56bfc062723c751e8b465ee728b)  -> (artifact id: 'e35e9c0d8e130d6ff509af1a613494d7') in 0.011500 seconds 
  Import took 0.014922 seconds .

========================================================================
Received Import Request.
  Time since last request: 0.000140 seconds.
  path: Assets/ExampleAssets/Models/ConstructionLight_Low.fbx
  artifactKey: Guid(e3ae06a3979f53046aa05330d69de1fa) Importer(815301076,1909f56bfc062723c751e8b465ee728b)
Start importing Assets/ExampleAssets/Models/ConstructionLight_Low.fbx using Guid(e3ae06a3979f53046aa05330d69de1fa) Importer(815301076,1909f56bfc062723c751e8b465ee728b)  -> (artifact id: '89b2f32173df055a9d31b242b3d5989c') in 0.041617 seconds 
  Import took 0.045362 seconds .

========================================================================
Received Import Request.
  Time since last request: 0.000138 seconds.
  path: Assets/ExampleAssets/Materials/HardHat_Mat.mat
  artifactKey: Guid(e93789f0a5d66df4a81613935579642b) Importer(815301076,1909f56bfc062723c751e8b465ee728b)
Start importing Assets/ExampleAssets/Materials/HardHat_Mat.mat using Guid(e93789f0a5d66df4a81613935579642b) Importer(815301076,1909f56bfc062723c751e8b465ee728b)  -> (artifact id: 'f0451e8e4fc44c0c0ad06b480daab191') in 0.010671 seconds 
  Import took 0.014082 seconds .

========================================================================
Received Import Request.
  Time since last request: 63.319713 seconds.
  path: Assets/Materials/PSP/base metal.mat
  artifactKey: Guid(7337378df20d2224798a824c513eafa9) Importer(815301076,1909f56bfc062723c751e8b465ee728b)
Start importing Assets/Materials/PSP/base metal.mat using Guid(7337378df20d2224798a824c513eafa9) Importer(815301076,1909f56bfc062723c751e8b465ee728b)  -> (artifact id: '665d90c99f01d90acdecda8be8036fcf') in 0.009298 seconds 
  Import took 0.013305 seconds .

========================================================================
Received Import Request.
  Time since last request: 0.000150 seconds.
  path: Assets/Materials/PSP/black matte.mat
  artifactKey: Guid(0342d3d3252eff044ad9f9fea7c25841) Importer(815301076,1909f56bfc062723c751e8b465ee728b)
Start importing Assets/Materials/PSP/black matte.mat using Guid(0342d3d3252eff044ad9f9fea7c25841) Importer(815301076,1909f56bfc062723c751e8b465ee728b)  -> (artifact id: '4d0469a7aa90e5896cdc5c0304f8a856') in 0.005951 seconds 
  Import took 0.009111 seconds .

========================================================================
Received Import Request.
  Time since last request: 0.000122 seconds.
  path: Assets/Materials/PSP/foil_antenna.mat
  artifactKey: Guid(236805a097154404c9c06b3359c87d04) Importer(815301076,1909f56bfc062723c751e8b465ee728b)
Start importing Assets/Materials/PSP/foil_antenna.mat using Guid(236805a097154404c9c06b3359c87d04) Importer(815301076,1909f56bfc062723c751e8b465ee728b)  -> (artifact id: '34ebd58059512210d78c76b754afca2b') in 0.006475 seconds 
  Import took 0.009509 seconds .

========================================================================
Received Import Request.
  Time since last request: 0.000122 seconds.
  path: Assets/Materials/PSP/PSP.mat
  artifactKey: Guid(91876eb30446420448ef01822745676d) Importer(815301076,1909f56bfc062723c751e8b465ee728b)
Start importing Assets/Materials/PSP/PSP.mat using Guid(91876eb30446420448ef01822745676d) Importer(815301076,1909f56bfc062723c751e8b465ee728b)  -> (artifact id: 'd1e6202af9099bd7af43978aebdc0a9a') in 0.010127 seconds 
  Import took 0.013293 seconds .

========================================================================
Received Import Request.
  Time since last request: 0.000140 seconds.
  path: Assets/Materials/PSP/foil_silver.mat
  artifactKey: Guid(169168545c70ddf4ba0145d5f96f31a4) Importer(815301076,1909f56bfc062723c751e8b465ee728b)
Start importing Assets/Materials/PSP/foil_silver.mat using Guid(169168545c70ddf4ba0145d5f96f31a4) Importer(815301076,1909f56bfc062723c751e8b465ee728b)  -> (artifact id: '3960e36609cd14c0e74e7f4016e8927c') in 0.011226 seconds 
  Import took 0.014968 seconds .

========================================================================
Received Import Request.
  Time since last request: 101.869603 seconds.
  path: Assets/Textures/PSP/foil_n.png
  artifactKey: Guid(e8f72852573524a48ae737802b2d998f) Importer(815301076,1909f56bfc062723c751e8b465ee728b)
Start importing Assets/Textures/PSP/foil_n.png using Guid(e8f72852573524a48ae737802b2d998f) Importer(815301076,1909f56bfc062723c751e8b465ee728b)  -> (artifact id: 'f36a7c5edee11664f37d5fd4d3306fb9') in 0.008984 seconds 
  Import took 0.013189 seconds .

========================================================================
Received Import Request.
  Time since last request: 139.772337 seconds.
  path: Assets/Textures/PSP/PSP_Norm.png
  artifactKey: Guid(8f1deb95f67c62d4fb6f32526997790d) Importer(815301076,1909f56bfc062723c751e8b465ee728b)
Start importing Assets/Textures/PSP/PSP_Norm.png using Guid(8f1deb95f67c62d4fb6f32526997790d) Importer(815301076,1909f56bfc062723c751e8b465ee728b)  -> (artifact id: 'c252895d0d80d57f93002e8658c0c666') in 0.012300 seconds 
  Import took 0.016210 seconds .

========================================================================
Received Import Request.
  Time since last request: 79.591110 seconds.
  path: Assets/Materials/PSP/foil_silver.mat
  artifactKey: Guid(169168545c70ddf4ba0145d5f96f31a4) Importer(815301076,1909f56bfc062723c751e8b465ee728b)
Start importing Assets/Materials/PSP/foil_silver.mat using Guid(169168545c70ddf4ba0145d5f96f31a4) Importer(815301076,1909f56bfc062723c751e8b465ee728b)  -> (artifact id: '12ea23a711c138e41b9389a05e600e46') in 0.012336 seconds 
  Import took 0.016599 seconds .

========================================================================
Received Import Request.
  Time since last request: 0.000127 seconds.
  path: Assets/Materials/PSP/PSP.mat
  artifactKey: Guid(91876eb30446420448ef01822745676d) Importer(815301076,1909f56bfc062723c751e8b465ee728b)
Start importing Assets/Materials/PSP/PSP.mat using Guid(91876eb30446420448ef01822745676d) Importer(815301076,1909f56bfc062723c751e8b465ee728b)  -> (artifact id: '3b76d3e71955edd89871f683fc1eb36d') in 0.017338 seconds 
  Import took 0.022100 seconds .

========================================================================
Received Import Request.
  Time since last request: 292.513345 seconds.
  path: Assets/Materials/PSP/black matte.mat
  artifactKey: Guid(0342d3d3252eff044ad9f9fea7c25841) Importer(815301076,1909f56bfc062723c751e8b465ee728b)
Start importing Assets/Materials/PSP/black matte.mat using Guid(0342d3d3252eff044ad9f9fea7c25841) Importer(815301076,1909f56bfc062723c751e8b465ee728b)  -> (artifact id: '93dd923a9191e0560a6eea54acb827fd') in 0.010673 seconds 
  Import took 0.014839 seconds .

========================================================================
Received Import Request.
  Time since last request: 0.000147 seconds.
  path: Assets/Materials/PSP/foil_silver.mat
  artifactKey: Guid(169168545c70ddf4ba0145d5f96f31a4) Importer(815301076,1909f56bfc062723c751e8b465ee728b)
Start importing Assets/Materials/PSP/foil_silver.mat using Guid(169168545c70ddf4ba0145d5f96f31a4) Importer(815301076,1909f56bfc062723c751e8b465ee728b)  -> (artifact id: '48fbb49317a3e463ca374ed30339b886') in 0.013748 seconds 
  Import took 0.016925 seconds .

========================================================================
Received Import Request.
  Time since last request: 23.716650 seconds.
  path: Assets/Materials/PSP/base metal.mat
  artifactKey: Guid(7337378df20d2224798a824c513eafa9) Importer(815301076,1909f56bfc062723c751e8b465ee728b)
Start importing Assets/Materials/PSP/base metal.mat using Guid(7337378df20d2224798a824c513eafa9) Importer(815301076,1909f56bfc062723c751e8b465ee728b)  -> (artifact id: '53eae5099f311f404a24debe22026196') in 0.009820 seconds 
  Import took 0.014067 seconds .

========================================================================
Received Import Request.
  Time since last request: 5.781715 seconds.
  path: Assets/Materials/PSP/base metal.mat
  artifactKey: Guid(7337378df20d2224798a824c513eafa9) Importer(815301076,1909f56bfc062723c751e8b465ee728b)
Start importing Assets/Materials/PSP/base metal.mat using Guid(7337378df20d2224798a824c513eafa9) Importer(815301076,1909f56bfc062723c751e8b465ee728b)  -> (artifact id: '7e12284002fdd5b18006800a04286afd') in 0.009797 seconds 
  Import took 0.013633 seconds .

========================================================================
Received Import Request.
  Time since last request: 2.536240 seconds.
  path: Assets/Materials/PSP/base metal.mat
  artifactKey: Guid(7337378df20d2224798a824c513eafa9) Importer(815301076,1909f56bfc062723c751e8b465ee728b)
Start importing Assets/Materials/PSP/base metal.mat using Guid(7337378df20d2224798a824c513eafa9) Importer(815301076,1909f56bfc062723c751e8b465ee728b)  -> (artifact id: 'a8af78fb1af81fa8ffa5b444dda25ac7') in 0.009399 seconds 
  Import took 0.013572 seconds .

